Day 1 :
	# 0  v1(50000) 0: [0]
	# 1  v2(15000) 14: o0 o1 o2 o11 o12 o17 o18 o34 o36 o37 o15 o35 o33 o83 [13217]
	# 2  v3(15000) 0: [0]
	# 3  v4(20000) 0: [0]
	# 4  v5(25000) 0: [0]
	# 5  v6(15000) 7: o13 o14 o60 o38 o46 o48 o42 [14840]
	# 6  v7(10000) 3: o4 o8 o130 [1982]
Day 2 :
	# 7  v1(50000) 17: o5 o6 o7 o47 o49 o50 o52 o53 o54 o55 o56 o59 o67 o96 o68 o69 o70 [14674]
	# 8  v2(15000) 18: o31 o32 o16 o26 o27 o28 o79 o80 o81 o82 o84 o85 o93 o10 o23 o25 o73 o74 [13292]
	# 9  v3(15000) 24: o77 o94 o104 o105 o106 o107 o108 o109 o110 o111 o112 o113 o114 o115 o116 o117 o119 o120 o121 o122 o123 o124 o118 o51 [13419]
	# 10  v4(20000) 10: o125 o29 o30 o71 o78 o102 o103 o100 o101 o92 [17874]
	# 11  v5(25000) 0: [0]
	# 12  v6(15000) 10: o135 o136 o137 o138 o89 o126 o134 o97 o98 o72 [9683]
	# 13  v7(10000) 12: o91 o90 o41 o127 o128 o99 o62 o63 o64 o65 o66 o61 [5796]
Day 3 :
	# 14  v1(50000) 4: o22 o86 o87 o88 [675]
	# 15  v2(15000) 0: [0]
	# 16  v3(15000) 0: [0]
	# 17  v4(20000) 0: [0]
	# 18  v5(25000) 0: [0]
	# 19  v6(15000) 14: o44 o45 o129 o24 o19 o20 o21 o76 o39 o40 o3 o57 o58 o9 [13270]
	# 20  v7(10000) 6: o131 o132 o95 o43 o75 o133 [4896]

Unscheduled 0: [0]

