Day 1 :
	# 0  v1(50000) 9: o90 o91 o41 o127 o128 o99 o29 o30 o71 [13104]
	# 1  v2(15000) 10: o44 o45 o31 o32 o16 o23 o25 o73 o74 o10 [12786]
	# 2  v3(15000) 0: [0]
	# 3  v4(20000) 0: [0]
	# 4  v5(25000) 0: [0]
	# 5  v6(15000) 0: [0]
	# 6  v7(10000) 6: o68 o69 o70 o43 o38 o46 [9306]
Day 2 :
	# 7  v1(50000) 5: o75 o133 o86 o87 o88 [3526]
	# 8  v2(15000) 0: [0]
	# 9  v3(15000) 14: o33 o83 o0 o1 o2 o11 o12 o15 o17 o18 o34 o35 o36 o37 [13217]
	# 10  v4(20000) 18: o5 o6 o7 o47 o49 o50 o51 o52 o53 o54 o55 o56 o59 o67 o96 o102 o103 o92 [17733]
	# 11  v5(25000) 0: [0]
	# 12  v6(15000) 12: o24 o19 o20 o21 o76 o39 o40 o3 o9 o57 o58 o129 [8938]
	# 13  v7(10000) 3: o42 o8 o4 [3696]
Day 3 :
	# 14  v1(50000) 0: [0]
	# 15  v2(15000) 0: [0]
	# 16  v3(15000) 21: o26 o27 o28 o79 o80 o81 o82 o84 o85 o93 o13 o14 o60 o61 o62 o63 o64 o65 o66 o100 o101 [13486]
	# 17  v4(20000) 0: [0]
	# 18  v5(25000) 9: o97 o98 o134 o126 o89 o135 o136 o137 o138 [9364]
	# 19  v6(15000) 27: o94 o104 o105 o106 o107 o108 o109 o110 o111 o112 o113 o114 o115 o116 o117 o118 o119 o120 o121 o122 o123 o124 o130 o77 o78 o125 o72 [14680]
	# 20  v7(10000) 5: o131 o132 o95 o22 o48 [3782]

Unscheduled 0: [0]

Best cost: 6892682
Test 35 trials.
