Day 1 :
	# 0  v1(50000) 3: o68 o69 o70 [2657]
	# 1  v2(15000) 0: [0]
	# 2  v3(15000) 0: [0]
	# 3  v4(20000) 0: [0]
	# 4  v5(25000) 0: [0]
	# 5  v6(15000) 14: o33 o83 o15 o35 o0 o1 o2 o11 o12 o17 o18 o34 o36 o37 [13217]
	# 6  v7(10000) 5: o95 o131 o132 o8 o4 [2869]
Day 2 :
	# 7  v1(50000) 4: o41 o127 o128 o99 [1654]
	# 8  v2(15000) 0: [0]
	# 9  v3(15000) 0: [0]
	# 10  v4(20000) 0: [0]
	# 11  v5(25000) 0: [0]
	# 12  v6(15000) 0: [0]
	# 13  v7(10000) 5: o75 o133 o86 o87 o88 [3526]
Day 3 :
	# 14  v1(50000) 36: o5 o6 o7 o47 o49 o50 o52 o53 o54 o55 o56 o59 o67 o94 o96 o104 o105 o106 o107 o108 o109 o110 o111 o112 o113 o114 o115 o116 o117 o119 o120 o121 o122 o123 o124 o130 [24039]
	# 15  v2(15000) 10: o92 o100 o101 o102 o103 o44 o45 o31 o32 o72 [12957]
	# 16  v3(15000) 18: o26 o27 o28 o79 o80 o81 o82 o84 o85 o93 o10 o90 o91 o23 o25 o73 o74 o16 [11179]
	# 17  v4(20000) 5: o38 o46 o48 o42 o125 [11471]
	# 18  v5(25000) 16: o51 o118 o61 o62 o63 o64 o65 o66 o13 o14 o60 o29 o30 o71 o77 o78 [20997]
	# 19  v6(15000) 12: o129 o9 o3 o57 o58 o39 o40 o19 o20 o21 o76 o24 [8938]
	# 20  v7(10000) 9: o135 o136 o137 o138 o89 o126 o97 o98 o134 [9364]

Unscheduled 2: o43 o22 [750]

