Day 1 :
	# 0  v1(50000) 3: o68 o69 o70 [2657]
	# 1  v2(15000) 12: o10 o73 o74 o23 o25 o31 o32 o9 o3 o57 o58 o129 [10864]
	# 2  v3(15000) 8: o72 o78 o29 o30 o71 o90 o91 o16 [13235]
	# 3  v4(20000) 0: [0]
	# 4  v5(25000) 27: o41 o127 o128 o13 o14 o60 o61 o62 o63 o64 o65 o66 o51 o5 o6 o7 o47 o49 o50 o52 o53 o54 o55 o56 o59 o67 o96 [21809]
	# 5  v6(15000) 9: o24 o76 o19 o20 o21 o39 o40 o44 o45 [10164]
	# 6  v7(10000) 4: o38 o46 o4 o48 [9137]
Day 2 :
	# 7  v1(50000) 5: o86 o87 o88 o130 o99 [1707]
	# 8  v2(15000) 24: o125 o118 o94 o104 o105 o106 o107 o108 o109 o110 o111 o112 o113 o114 o115 o116 o117 o119 o120 o121 o122 o123 o124 o77 [13183]
	# 9  v3(15000) 15: o92 o100 o101 o102 o103 o26 o27 o28 o79 o80 o81 o82 o84 o85 o93 [10280]
	# 10  v4(20000) 0: [0]
	# 11  v5(25000) 0: [0]
	# 12  v6(15000) 9: o135 o136 o137 o138 o89 o126 o134 o97 o98 [9364]
	# 13  v7(10000) 3: o75 o133 o95 [3188]
Day 3 :
	# 14  v1(50000) 0: [0]
	# 15  v2(15000) 0: [0]
	# 16  v3(15000) 0: [0]
	# 17  v4(20000) 0: [0]
	# 18  v5(25000) 0: [0]
	# 19  v6(15000) 14: o0 o1 o2 o11 o12 o17 o18 o34 o36 o37 o15 o35 o83 o33 [13217]
	# 20  v7(10000) 4: o131 o132 o8 o42 [4063]

Unscheduled 2: o43 o22 [750]

Best cost: 7421086
Test 22 trials.
